[ 2020-05-26T12:08:16+08:00 ] 220.202.152.99 /index.php/admin
INFO: [ app_init ] --START--
INFO: Run Behavior\BuildLiteBehavior [ RunTime:0.000006s ]
INFO: [ app_init ] --END-- [ RunTime:0.000167s ]
INFO: [ app_begin ] --START--
INFO: Run Behavior\ReadHtmlCacheBehavior [ RunTime:0.000181s ]
INFO: [ app_begin ] --END-- [ RunTime:0.000190s ]
NOTIC: [8] session_start(): A session had already been started - ignoring /var/www/html/Application/Admin/Controller/IndexController.class.php 第 6 行.
INFO: [ view_parse ] --START--
INFO: [ template_filter ] --START--
INFO: Run Behavior\ContentReplaceBehavior [ RunTime:0.000026s ]
INFO: [ template_filter ] --END-- [ RunTime:0.000046s ]
INFO: Run Behavior\ParseTemplateBehavior [ RunTime:0.003001s ]
INFO: [ view_parse ] --END-- [ RunTime:0.003013s ]
INFO: [ view_filter ] --START--
INFO: Run Behavior\WriteHtmlCacheBehavior [ RunTime:0.000082s ]
INFO: [ view_filter ] --END-- [ RunTime:0.000089s ]
INFO: [ app_end ] --START--
INFO: Run Behavior\ShowPageTraceBehavior [ RunTime:0.000217s ]
INFO: [ app_end ] --END-- [ RunTime:0.000227s ]

[ 2020-05-26T12:08:32+08:00 ] 220.202.152.99 /index.php/Admin/Edit/lst
INFO: [ app_init ] --START--
INFO: Run Behavior\BuildLiteBehavior [ RunTime:0.000008s ]
INFO: [ app_init ] --END-- [ RunTime:0.000180s ]
INFO: [ app_begin ] --START--
INFO: Run Behavior\ReadHtmlCacheBehavior [ RunTime:0.000260s ]
INFO: [ app_begin ] --END-- [ RunTime:0.000276s ]
NOTIC: [8] session_start(): A session had already been started - ignoring /var/www/html/Application/Admin/Controller/EditController.class.php 第 7 行.
SQL: SHOW COLUMNS FROM `wenzhang` [ RunTime:0.0009s ]
SQL: SELECT * FROM `wenzhang` ORDER BY id desc LIMIT 0,10   [ RunTime:0.0003s ]
SQL: SELECT COUNT(*) AS tp_count FROM `wenzhang` LIMIT 1   [ RunTime:0.0545s ]
NOTIC: [8] Undefined index: num /var/www/html/Application/Admin/Controller/EditController.class.php 第 19 行.
NOTIC: [8] Undefined index: id /var/www/html/Application/Admin/Controller/EditController.class.php 第 26 行.
NOTIC: [2] Use of undefined constant stripcslashes - assumed 'stripcslashes' (this will throw an Error in a future version of PHP) /var/www/html/Application/Admin/Controller/EditController.class.php 第 27 行.
NOTIC: [2] stripcslashes() expects parameter 1 to be string, array given /var/www/html/Application/Admin/Controller/EditController.class.php 第 27 行.
NOTIC: [2] stripcslashes() expects parameter 1 to be string, array given /var/www/html/Application/Admin/Controller/EditController.class.php 第 27 行.
NOTIC: [2] stripcslashes() expects parameter 1 to be string, array given /var/www/html/Application/Admin/Controller/EditController.class.php 第 27 行.
NOTIC: [2] stripcslashes() expects parameter 1 to be string, array given /var/www/html/Application/Admin/Controller/EditController.class.php 第 27 行.
NOTIC: [2] stripcslashes() expects parameter 1 to be string, array given /var/www/html/Application/Admin/Controller/EditController.class.php 第 27 行.
NOTIC: [2] stripcslashes() expects parameter 1 to be string, array given /var/www/html/Application/Admin/Controller/EditController.class.php 第 27 行.
NOTIC: [2] stripcslashes() expects parameter 1 to be string, array given /var/www/html/Application/Admin/Controller/EditController.class.php 第 27 行.
NOTIC: [2] stripcslashes() expects parameter 1 to be string, array given /var/www/html/Application/Admin/Controller/EditController.class.php 第 27 行.
NOTIC: [2] stripcslashes() expects parameter 1 to be string, array given /var/www/html/Application/Admin/Controller/EditController.class.php 第 27 行.
NOTIC: [2] stripcslashes() expects parameter 1 to be string, array given /var/www/html/Application/Admin/Controller/EditController.class.php 第 27 行.
INFO: [ view_parse ] --START--
INFO: [ template_filter ] --START--
INFO: Run Behavior\ContentReplaceBehavior [ RunTime:0.000025s ]
INFO: [ template_filter ] --END-- [ RunTime:0.000065s ]
INFO: Run Behavior\ParseTemplateBehavior [ RunTime:0.003656s ]
INFO: [ view_parse ] --END-- [ RunTime:0.003672s ]
INFO: [ view_filter ] --START--
INFO: Run Behavior\WriteHtmlCacheBehavior [ RunTime:0.000075s ]
INFO: [ view_filter ] --END-- [ RunTime:0.000081s ]
INFO: [ app_end ] --START--
INFO: Run Behavior\ShowPageTraceBehavior [ RunTime:0.000234s ]
INFO: [ app_end ] --END-- [ RunTime:0.000246s ]

[ 2020-05-26T12:09:13+08:00 ] 220.202.152.99 /index.php/Admin/Edit/lst
INFO: [ app_init ] --START--
INFO: Run Behavior\BuildLiteBehavior [ RunTime:0.000005s ]
INFO: [ app_init ] --END-- [ RunTime:0.000143s ]
INFO: [ app_begin ] --START--
INFO: Run Behavior\ReadHtmlCacheBehavior [ RunTime:0.000190s ]
INFO: [ app_begin ] --END-- [ RunTime:0.000200s ]
NOTIC: [8] session_start(): A session had already been started - ignoring /var/www/html/Application/Admin/Controller/EditController.class.php 第 7 行.
SQL: SHOW COLUMNS FROM `wenzhang` [ RunTime:0.0010s ]
SQL: SELECT * FROM `wenzhang` ORDER BY id desc LIMIT 0,10   [ RunTime:0.0003s ]
SQL: SELECT COUNT(*) AS tp_count FROM `wenzhang` LIMIT 1   [ RunTime:0.0550s ]
NOTIC: [8] Undefined index: num /var/www/html/Application/Admin/Controller/EditController.class.php 第 19 行.
NOTIC: [8] Undefined index: id /var/www/html/Application/Admin/Controller/EditController.class.php 第 26 行.
NOTIC: [2] Use of undefined constant stripcslashes - assumed 'stripcslashes' (this will throw an Error in a future version of PHP) /var/www/html/Application/Admin/Controller/EditController.class.php 第 27 行.
NOTIC: [2] stripcslashes() expects parameter 1 to be string, array given /var/www/html/Application/Admin/Controller/EditController.class.php 第 27 行.
NOTIC: [2] stripcslashes() expects parameter 1 to be string, array given /var/www/html/Application/Admin/Controller/EditController.class.php 第 27 行.
NOTIC: [2] stripcslashes() expects parameter 1 to be string, array given /var/www/html/Application/Admin/Controller/EditController.class.php 第 27 行.
NOTIC: [2] stripcslashes() expects parameter 1 to be string, array given /var/www/html/Application/Admin/Controller/EditController.class.php 第 27 行.
NOTIC: [2] stripcslashes() expects parameter 1 to be string, array given /var/www/html/Application/Admin/Controller/EditController.class.php 第 27 行.
NOTIC: [2] stripcslashes() expects parameter 1 to be string, array given /var/www/html/Application/Admin/Controller/EditController.class.php 第 27 行.
NOTIC: [2] stripcslashes() expects parameter 1 to be string, array given /var/www/html/Application/Admin/Controller/EditController.class.php 第 27 行.
NOTIC: [2] stripcslashes() expects parameter 1 to be string, array given /var/www/html/Application/Admin/Controller/EditController.class.php 第 27 行.
NOTIC: [2] stripcslashes() expects parameter 1 to be string, array given /var/www/html/Application/Admin/Controller/EditController.class.php 第 27 行.
NOTIC: [2] stripcslashes() expects parameter 1 to be string, array given /var/www/html/Application/Admin/Controller/EditController.class.php 第 27 行.
INFO: [ view_parse ] --START--
INFO: [ template_filter ] --START--
INFO: Run Behavior\ContentReplaceBehavior [ RunTime:0.000024s ]
INFO: [ template_filter ] --END-- [ RunTime:0.000045s ]
INFO: Run Behavior\ParseTemplateBehavior [ RunTime:0.003401s ]
INFO: [ view_parse ] --END-- [ RunTime:0.003413s ]
INFO: [ view_filter ] --START--
INFO: Run Behavior\WriteHtmlCacheBehavior [ RunTime:0.000074s ]
INFO: [ view_filter ] --END-- [ RunTime:0.000082s ]
INFO: [ app_end ] --START--
INFO: Run Behavior\ShowPageTraceBehavior [ RunTime:0.000238s ]
INFO: [ app_end ] --END-- [ RunTime:0.000248s ]

